<?xml version="1.0" encoding="UTF-8"?>
<coverage generated="1652122312835" clover="3.2.0">
  <project timestamp="1652122312835" name="All files">
    <metrics statements="23" coveredstatements="23" conditionals="6" coveredconditionals="3" methods="8" coveredmethods="8" elements="37" coveredelements="34" complexity="0" loc="23" ncloc="23" packages="3" files="3" classes="3"/>
    <package name="mysql">
      <metrics statements="3" coveredstatements="3" conditionals="0" coveredconditionals="0" methods="0" coveredmethods="0"/>
      <file name="config.js" path="D:\Universidad\VII\Ingeniería de Software II\Sprint\onlineshop-safepet-back\mysql\config.js">
        <metrics statements="3" coveredstatements="3" conditionals="0" coveredconditionals="0" methods="0" coveredmethods="0"/>
        <line num="1" count="1" type="stmt"/>
        <line num="3" count="1" type="stmt"/>
        <line num="10" count="1" type="stmt"/>
      </file>
    </package>
    <package name="routes">
      <metrics statements="2" coveredstatements="2" conditionals="0" coveredconditionals="0" methods="1" coveredmethods="1"/>
      <file name="sum.js" path="D:\Universidad\VII\Ingeniería de Software II\Sprint\onlineshop-safepet-back\routes\sum.js">
        <metrics statements="2" coveredstatements="2" conditionals="0" coveredconditionals="0" methods="1" coveredmethods="1"/>
        <line num="2" count="1" type="stmt"/>
        <line num="4" count="1" type="stmt"/>
      </file>
    </package>
    <package name="routes.benefits">
      <metrics statements="18" coveredstatements="18" conditionals="6" coveredconditionals="3" methods="7" coveredmethods="7"/>
      <file name="benefits.js" path="D:\Universidad\VII\Ingeniería de Software II\Sprint\onlineshop-safepet-back\routes\benefits\benefits.js">
        <metrics statements="18" coveredstatements="18" conditionals="6" coveredconditionals="3" methods="7" coveredmethods="7"/>
        <line num="1" count="1" type="stmt"/>
        <line num="5" count="1" type="stmt"/>
        <line num="6" count="1" type="stmt"/>
        <line num="7" count="1" type="stmt"/>
        <line num="9" count="1" type="stmt"/>
        <line num="10" count="1" type="cond" truecount="1" falsecount="1"/>
        <line num="11" count="1" type="stmt"/>
        <line num="17" count="1" type="stmt"/>
        <line num="18" count="1" type="stmt"/>
        <line num="19" count="1" type="stmt"/>
        <line num="20" count="1" type="stmt"/>
        <line num="21" count="1" type="cond" truecount="1" falsecount="1"/>
        <line num="24" count="1" type="stmt"/>
        <line num="25" count="1" type="stmt"/>
        <line num="26" count="1" type="stmt"/>
        <line num="27" count="1" type="cond" truecount="1" falsecount="1"/>
        <line num="28" count="1" type="stmt"/>
        <line num="33" count="1" type="stmt"/>
      </file>
    </package>
  </project>
</coverage>
