{"D:\\Universidad\\VII\\Ingeniería de Software II\\Sprint\\onlineshop-safepet-back\\mysql\\config.js": {"path":"D:\\Universidad\\VII\\Ingeniería de Software II\\Sprint\\onlineshop-safepet-back\\mysql\\config.js","statementMap":{"0":{"start":{"line":1,"column":14},"end":{"line":1,"column":31}},"1":{"start":{"line":3,"column":24},"end":{"line":8,"column":2}},"2":{"start":{"line":10,"column":0},"end":{"line":10,"column":33}}},"fnMap":{},"branchMap":{},"s":{"0":1,"1":1,"2":1},"f":{},"b":{},"_coverageSchema":"1a1c01bbd47fc00a2c39e90264f33305004495a9","hash":"5c06b581c80ff1f19e5ff1cf73dd5b9a68e85ab9"}
,"D:\\Universidad\\VII\\Ingeniería de Software II\\Sprint\\onlineshop-safepet-back\\routes\\sum.js": {"path":"D:\\Universidad\\VII\\Ingeniería de Software II\\Sprint\\onlineshop-safepet-back\\routes\\sum.js","statementMap":{"0":{"start":{"line":2,"column":2},"end":{"line":2,"column":15}},"1":{"start":{"line":4,"column":0},"end":{"line":4,"column":21}}},"fnMap":{"0":{"name":"sum","decl":{"start":{"line":1,"column":9},"end":{"line":1,"column":12}},"loc":{"start":{"line":1,"column":19},"end":{"line":3,"column":1}},"line":1}},"branchMap":{},"s":{"0":1,"1":1},"f":{"0":1},"b":{},"_coverageSchema":"1a1c01bbd47fc00a2c39e90264f33305004495a9","hash":"99cfd4206c01fbb572e4ac9534058d50df4c34fc"}
,"D:\\Universidad\\VII\\Ingeniería de Software II\\Sprint\\onlineshop-safepet-back\\routes\\benefits\\benefits.js": {"path":"D:\\Universidad\\VII\\Ingeniería de Software II\\Sprint\\onlineshop-safepet-back\\routes\\benefits\\benefits.js","statementMap":{"0":{"start":{"line":1,"column":24},"end":{"line":1,"column":53}},"1":{"start":{"line":5,"column":2},"end":{"line":13,"column":5}},"2":{"start":{"line":6,"column":22},"end":{"line":6,"column":47}},"3":{"start":{"line":7,"column":16},"end":{"line":7,"column":51}},"4":{"start":{"line":9,"column":4},"end":{"line":12,"column":7}},"5":{"start":{"line":10,"column":6},"end":{"line":10,"column":31}},"6":{"start":{"line":10,"column":17},"end":{"line":10,"column":31}},"7":{"start":{"line":11,"column":6},"end":{"line":11,"column":22}},"8":{"start":{"line":17,"column":2},"end":{"line":30,"column":5}},"9":{"start":{"line":18,"column":23},"end":{"line":18,"column":54}},"10":{"start":{"line":19,"column":17},"end":{"line":19,"column":53}},"11":{"start":{"line":20,"column":4},"end":{"line":22,"column":7}},"12":{"start":{"line":21,"column":6},"end":{"line":21,"column":31}},"13":{"start":{"line":21,"column":17},"end":{"line":21,"column":31}},"14":{"start":{"line":24,"column":22},"end":{"line":24,"column":45}},"15":{"start":{"line":25,"column":16},"end":{"line":25,"column":51}},"16":{"start":{"line":26,"column":4},"end":{"line":29,"column":7}},"17":{"start":{"line":27,"column":6},"end":{"line":27,"column":31}},"18":{"start":{"line":27,"column":17},"end":{"line":27,"column":31}},"19":{"start":{"line":28,"column":6},"end":{"line":28,"column":22}},"20":{"start":{"line":33,"column":0},"end":{"line":36,"column":2}}},"fnMap":{"0":{"name":"getAllBenefits","decl":{"start":{"line":4,"column":9},"end":{"line":4,"column":23}},"loc":{"start":{"line":4,"column":26},"end":{"line":14,"column":1}},"line":4},"1":{"name":"(anonymous_1)","decl":{"start":{"line":5,"column":21},"end":{"line":5,"column":22}},"loc":{"start":{"line":5,"column":42},"end":{"line":13,"column":3}},"line":5},"2":{"name":"(anonymous_2)","decl":{"start":{"line":9,"column":33},"end":{"line":9,"column":34}},"loc":{"start":{"line":9,"column":52},"end":{"line":12,"column":5}},"line":9},"3":{"name":"deleteAllBenefits","decl":{"start":{"line":16,"column":9},"end":{"line":16,"column":26}},"loc":{"start":{"line":16,"column":29},"end":{"line":31,"column":1}},"line":16},"4":{"name":"(anonymous_4)","decl":{"start":{"line":17,"column":21},"end":{"line":17,"column":22}},"loc":{"start":{"line":17,"column":42},"end":{"line":30,"column":3}},"line":17},"5":{"name":"(anonymous_5)","decl":{"start":{"line":20,"column":34},"end":{"line":20,"column":35}},"loc":{"start":{"line":20,"column":53},"end":{"line":22,"column":5}},"line":20},"6":{"name":"(anonymous_6)","decl":{"start":{"line":26,"column":33},"end":{"line":26,"column":34}},"loc":{"start":{"line":26,"column":52},"end":{"line":29,"column":5}},"line":26}},"branchMap":{"0":{"loc":{"start":{"line":10,"column":6},"end":{"line":10,"column":31}},"type":"if","locations":[{"start":{"line":10,"column":6},"end":{"line":10,"column":31}},{"start":{},"end":{}}],"line":10},"1":{"loc":{"start":{"line":21,"column":6},"end":{"line":21,"column":31}},"type":"if","locations":[{"start":{"line":21,"column":6},"end":{"line":21,"column":31}},{"start":{},"end":{}}],"line":21},"2":{"loc":{"start":{"line":27,"column":6},"end":{"line":27,"column":31}},"type":"if","locations":[{"start":{"line":27,"column":6},"end":{"line":27,"column":31}},{"start":{},"end":{}}],"line":27}},"s":{"0":1,"1":1,"2":1,"3":1,"4":1,"5":1,"6":0,"7":1,"8":1,"9":1,"10":1,"11":1,"12":1,"13":0,"14":1,"15":1,"16":1,"17":1,"18":0,"19":1,"20":1},"f":{"0":1,"1":1,"2":1,"3":1,"4":1,"5":1,"6":1},"b":{"0":[0,1],"1":[0,1],"2":[0,1]},"_coverageSchema":"1a1c01bbd47fc00a2c39e90264f33305004495a9","hash":"b40ec04f9770cd07c4c5b24420a498e6590d7924"}
}
