TN:
SF:mysql\config.js
FNF:0
FNH:0
DA:1,1
DA:3,1
DA:10,1
LF:3
LH:3
BRF:0
BRH:0
end_of_record
TN:
SF:routes\sum.js
FN:1,sum
FNF:1
FNH:1
FNDA:1,sum
DA:2,1
DA:4,1
LF:2
LH:2
BRF:0
BRH:0
end_of_record
TN:
SF:routes\benefits\benefits.js
FN:4,getAllBenefits
FN:5,(anonymous_1)
FN:9,(anonymous_2)
FN:16,deleteAllBenefits
FN:17,(anonymous_4)
FN:20,(anonymous_5)
FN:26,(anonymous_6)
FNF:7
FNH:7
FNDA:1,getAllBenefits
FNDA:1,(anonymous_1)
FNDA:1,(anonymous_2)
FNDA:1,deleteAllBenefits
FNDA:1,(anonymous_4)
FNDA:1,(anonymous_5)
FNDA:1,(anonymous_6)
DA:1,1
DA:5,1
DA:6,1
DA:7,1
DA:9,1
DA:10,1
DA:11,1
DA:17,1
DA:18,1
DA:19,1
DA:20,1
DA:21,1
DA:24,1
DA:25,1
DA:26,1
DA:27,1
DA:28,1
DA:33,1
LF:18
LH:18
BRDA:10,0,0,0
BRDA:10,0,1,1
BRDA:21,1,0,0
BRDA:21,1,1,1
BRDA:27,2,0,0
BRDA:27,2,1,1
BRF:6
BRH:3
end_of_record
